[debug] [2021-04-10T23:43:30.691Z] ----------------------------------------------------------------------
[debug] [2021-04-10T23:43:30.695Z] Command:       /usr/local/Cellar/node/14.13.1/bin/node /Users/cull/.npm-packages/bin/firebase init
[debug] [2021-04-10T23:43:30.696Z] CLI Version:   9.9.0
[debug] [2021-04-10T23:43:30.696Z] Platform:      darwin
[debug] [2021-04-10T23:43:30.696Z] Node Version:  v14.13.1
[debug] [2021-04-10T23:43:30.698Z] Time:          Sun Apr 11 2021 09:43:30 GMT+1000 (Australian Eastern Standard Time)
[debug] [2021-04-10T23:43:30.698Z] ----------------------------------------------------------------------
[debug] 
[debug] [2021-04-10T23:43:30.708Z] > command requires scopes: ["email","openid","https://www.googleapis.com/auth/cloudplatformprojects.readonly","https://www.googleapis.com/auth/firebase","https://www.googleapis.com/auth/cloud-platform"]
[debug] [2021-04-10T23:43:30.709Z] > authorizing via signed-in user (hugo.cullinan@gmail.com)
[info] 
     ######## #### ########  ######## ########     ###     ######  ########
     ##        ##  ##     ## ##       ##     ##  ##   ##  ##       ##
     ######    ##  ########  ######   ########  #########  ######  ######
     ##        ##  ##    ##  ##       ##     ## ##     ##       ## ##
     ##       #### ##     ## ######## ########  ##     ##  ######  ########

You're about to initialize a Firebase project in this directory:

  /Users/cull/Projects/freshy/stomble-task

[info] 
=== Project Setup
[info] 
[info] First, let's associate this project directory with a Firebase project.
[info] You can create multiple project aliases by running firebase use --add, 
[info] but for now we'll just set up a default project.
[info] 
[debug] [2021-04-10T23:43:36.142Z] > refreshing access token with scopes: []
[debug] [2021-04-10T23:43:36.143Z] >>> HTTP REQUEST POST https://www.googleapis.com/oauth2/v3/token  
 <request body omitted>
[debug] [2021-04-10T23:43:36.482Z] <<< HTTP RESPONSE 200 {"cache-control":"no-cache, no-store, max-age=0, must-revalidate","date":"Sat, 10 Apr 2021 23:43:36 GMT","pragma":"no-cache","expires":"Mon, 01 Jan 1990 00:00:00 GMT","content-type":"application/json; charset=utf-8","vary":"X-Origin, Referer, Origin,Accept-Encoding","server":"scaffolding on HTTPServer2","x-xss-protection":"0","x-frame-options":"SAMEORIGIN","x-content-type-options":"nosniff","alt-svc":"h3-29=\":443\"; ma=2592000,h3-T051=\":443\"; ma=2592000,h3-Q050=\":443\"; ma=2592000,h3-Q046=\":443\"; ma=2592000,h3-Q043=\":443\"; ma=2592000,quic=\":443\"; ma=2592000; v=\"46,43\"","accept-ranges":"none","transfer-encoding":"chunked"}
[debug] [2021-04-10T23:43:36.544Z] >>> [apiv2][query] GET https://firebase.googleapis.com/v1beta1/projects pageSize=100
[debug] [2021-04-10T23:43:37.263Z] <<< [apiv2][status] GET https://firebase.googleapis.com/v1beta1/projects 200
[debug] [2021-04-10T23:43:37.264Z] <<< [apiv2][body] GET https://firebase.googleapis.com/v1beta1/projects [omitted]
[info] i  Using project credit-card-app-5b6f0 (credit-card-app) 
[info] 
=== Hosting Setup
[info] 
[info] Your public directory is the folder (relative to your project directory) that
[info] will contain Hosting assets to be uploaded with firebase deploy. If you
[info] have a build process for your assets, use your build's output directory.
[info] 
[debug] [2021-04-10T23:48:51.020Z] >>> [apiv2][query] GET https://www.gstatic.com/firebasejs/releases.json [none]
[debug] [2021-04-10T23:48:51.368Z] <<< [apiv2][status] GET https://www.gstatic.com/firebasejs/releases.json 200
[debug] [2021-04-10T23:48:51.369Z] <<< [apiv2][body] GET https://www.gstatic.com/firebasejs/releases.json {"current":{"version":"8.3.3","browserURL":"https://www.gstatic.com/firebasejs/8.3.3/firebase.js","packageURL":"https://www.gstatic.com/firebasejs/8.3.3/firebase.tgz"},"live":{"version":"8.3","browserURL":"https://www.gstatic.com/firebasejs/live/8.3/firebase.js","packageURL":"https://www.gstatic.com/firebasejs/live/8.3/firebase.tgz"},"components":{"analytics":"https://www.gstatic.com/firebasejs/8.3.3/firebase-analytics.js","app":"https://www.gstatic.com/firebasejs/8.3.3/firebase-app.js","auth":"https://www.gstatic.com/firebasejs/8.3.3/firebase-auth.js","database":"https://www.gstatic.com/firebasejs/8.3.3/firebase-database.js","firestore":"https://www.gstatic.com/firebasejs/8.3.3/firebase-firestore.js","functions":"https://www.gstatic.com/firebasejs/8.3.3/firebase-functions.js","installations":"https://www.gstatic.com/firebasejs/8.3.3/firebase-installations.js","messaging":"https://www.gstatic.com/firebasejs/8.3.3/firebase-messaging.js","storage":"https://www.gstatic.com/firebasejs/8.3.3/firebase-storage.js","performance":"https://www.gstatic.com/firebasejs/8.3.3/firebase-performance.js","remote-config":"https://www.gstatic.com/firebasejs/8.3.3/firebase-remote-config.js","firestore.memory":"https://www.gstatic.com/firebasejs/8.3.3/firebase-firestore.memory.js"}}
[info] ✔  Wrote src/index.html 
[info] 
[info] i  Detected a .git folder at /Users/cull/Projects/freshy/stomble-task 
[info] i  Authorizing with GitHub to upload your service account to a GitHub repository's secrets store. 
[info] 
[info] Visit this URL on this device to log in:
[info] https://github.com/login/oauth/authorize?client_id=89cf50f02ac6aaed3484&state=280369898&redirect_uri=http%3A%2F%2Flocalhost%3A9005&scope=read%3Auser%20repo%20public_repo
[info] 
[info] Waiting for authentication...
[debug] [2021-04-10T23:49:01.837Z] >>> HTTP REQUEST POST https://github.com/login/oauth/access_token  
 {"client_id":"89cf50f02ac6aaed3484","client_secret":"3330d14abc895d9a74d5f17cd7a00711fa2c5bf0","code":"a8792890581d21b9eec9","redirect_uri":"http://localhost:9005","state":"280369898"}
[debug] [2021-04-10T23:49:02.192Z] <<< HTTP RESPONSE 200 {"server":"GitHub.com","date":"Sat, 10 Apr 2021 23:49:02 GMT","content-type":"application/json; charset=utf-8","transfer-encoding":"chunked","vary":"X-PJAX, Accept-Encoding, Accept, X-Requested-With","etag":"W/\"bcfae96fa2249bc1dcab64d8a4954607\"","cache-control":"max-age=0, private, must-revalidate","strict-transport-security":"max-age=31536000; includeSubdomains; preload","x-frame-options":"deny","x-content-type-options":"nosniff","x-xss-protection":"0","referrer-policy":"origin-when-cross-origin, strict-origin-when-cross-origin","expect-ct":"max-age=2592000, report-uri=\"https://api.github.com/_private/browser/errors\"","content-security-policy":"default-src 'none'; base-uri 'self'; block-all-mixed-content; connect-src 'self' uploads.github.com www.githubstatus.com collector.githubapp.com api.github.com github-cloud.s3.amazonaws.com github-production-repository-file-5c1aeb.s3.amazonaws.com github-production-upload-manifest-file-7fdce7.s3.amazonaws.com github-production-user-asset-6210df.s3.amazonaws.com cdn.optimizely.com logx.optimizely.com/v1/events wss://alive.github.com; font-src github.githubassets.com; form-action 'self' github.com gist.github.com; frame-ancestors 'none'; frame-src render.githubusercontent.com; img-src 'self' data: github.githubassets.com identicons.github.com collector.githubapp.com github-cloud.s3.amazonaws.com secured-user-images.githubusercontent.com/ *.githubusercontent.com; manifest-src 'self'; media-src 'none'; script-src github.githubassets.com; style-src 'unsafe-inline' github.githubassets.com; worker-src github.com/socket-worker-3f088aa2.js gist.github.com/socket-worker-3f088aa2.js","x-github-request-id":"E021:32B6:7980A4:8A60E1:6072396E"}
[debug] [2021-04-10T23:49:02.198Z] >>> [apiv2][query] GET https://api.github.com/user [none]
[debug] [2021-04-10T23:49:02.584Z] <<< [apiv2][status] GET https://api.github.com/user 200
[debug] [2021-04-10T23:49:02.584Z] <<< [apiv2][body] GET https://api.github.com/user {"login":"CullsGit","id":70266094,"node_id":"MDQ6VXNlcjcwMjY2MDk0","avatar_url":"https://avatars.githubusercontent.com/u/70266094?v=4","gravatar_id":"","url":"https://api.github.com/users/CullsGit","html_url":"https://github.com/CullsGit","followers_url":"https://api.github.com/users/CullsGit/followers","following_url":"https://api.github.com/users/CullsGit/following{/other_user}","gists_url":"https://api.github.com/users/CullsGit/gists{/gist_id}","starred_url":"https://api.github.com/users/CullsGit/starred{/owner}{/repo}","subscriptions_url":"https://api.github.com/users/CullsGit/subscriptions","organizations_url":"https://api.github.com/users/CullsGit/orgs","repos_url":"https://api.github.com/users/CullsGit/repos","events_url":"https://api.github.com/users/CullsGit/events{/privacy}","received_events_url":"https://api.github.com/users/CullsGit/received_events","type":"User","site_admin":false,"name":null,"company":null,"blog":"","location":null,"email":null,"hireable":null,"bio":null,"twitter_username":null,"public_repos":12,"public_gists":0,"followers":0,"following":0,"created_at":"2020-08-26T10:27:41Z","updated_at":"2021-04-10T23:49:01Z","private_gists":0,"total_private_repos":0,"owned_private_repos":0,"disk_usage":113784,"collaborators":0,"two_factor_authentication":false,"plan":{"name":"free","space":976562499,"collaborators":0,"private_repos":10000}}
[info] 
[info] ✔  Success! Logged into GitHub as CullsGit 
[info] 
